<?xml version="1.0" encoding="UTF-8" ?>
<testsuite errors="0" failures="0" hostname="GoD-PC" name="HiddenKeywordTest" tests="7" time="0.073" timestamp="2555-10-25T07:39:54">
  <properties>
    <property name="netbeans.autoupdate.country" value="US" />
    <property name="javac.test.classpath" value="E:\Program\NetBeans 7.1.1\java\modules\ext\AbsoluteLayout.jar;D:\mysql-connector-java-5.1.21-bin.jar:build/classes:E:\Program\NetBeans 7.1.1\platform\modules\ext\junit-4.10.jar" />
    <property name="libs.junit.javadoc" value="E:\Program\NetBeans 7.1.1\java\docs\junit-3.8.2-api.zip" />
    <property name="ant.file.JavaApplication1-impl" value="C:\Users\Administrator.GoD-PC\Documents\GitHub\Hangman\JavaApplication1\nbproject\build-impl.xml" />
    <property name="ant.core.lib" value="E:\Program\NetBeans 7.1.1\java\ant\lib\ant.jar" />
    <property name="libs.swing-app-framework.src" value="" />
    <property name="javadoc.windowtitle" value="" />
    <property name="libs.toplink.classpath" value="E:\Program\NetBeans 7.1.1\java\modules\ext\toplink\toplink-essentials.jar;E:\Program\NetBeans 7.1.1\java\modules\ext\toplink\toplink-essentials-agent.jar" />
    <property name="user.dir" value="C:\Users\Administrator.GoD-PC\Documents\GitHub\Hangman\JavaApplication1" />
    <property name="libs.hibernate-persistence.javadoc" value="" />
    <property name="java.vm.version" value="22.1-b02" />
    <property name="libs.MySQLDriver.classpath" value="E:\Program\NetBeans 7.1.1\ide\modules\ext\mysql-connector-java-5.1.13-bin.jar" />
    <property name="libs.eclipselinkmodelgen.src" value="" />
    <property name="javadoc.notree" value="false" />
    <property name="netbeans.autoupdate.version" value="1.23" />
    <property name="libs.hibernate-support.maven-pom" value="" />
    <property name="libs.hibernate-support.javadoc" value="" />
    <property name="ant.file.JavaApplication1" value="C:\Users\Administrator.GoD-PC\Documents\GitHub\Hangman\JavaApplication1\build.xml" />
    <property name="jdk.home" value="E:\Program\jdk1.7.0_03" />
    <property name="libs.javac-api.src" value="" />
    <property name="javadoc.noindex" value="false" />
    <property name="sun.os.patch.level" value="Service Pack 1" />
    <property name="do.archive+manifest.available" value="true" />
    <property name="java.vm.specification.name" value="Java Virtual Machine Specification" />
    <property name="nb.show.statistics.ui" value="usageStatisticsEnabled" />
    <property name="netbeans.autoupdate.variant" value="" />
    <property name="have.tests" value="true" />
    <property name="libs.JFormDesigner-FormLayout.classpath" value="C:\Users\Administrator.GoD-PC\.netbeans\7.1.1\redist\jgoodies-forms.jar;C:\Users\Administrator.GoD-PC\.netbeans\7.1.1\redist\jgoodies-common.jar" />
    <property name="org.xml.sax.driver" value="com.sun.org.apache.xerces.internal.jaxp.SAXParserImpl$JAXPSAXParser" />
    <property name="libs.javac-api.javadoc" value="" />
    <property name="os.name" value="Windows 7" />
    <property name="libs.beans-binding.classpath" value="E:\Program\NetBeans 7.1.1\java\modules\ext\beansbinding-1.2.1.jar" />
    <property name="ap.proc.none.internal" value="" />
    <property name="libs.JWSAntTasks.maven-pom" value="" />
    <property name="java.vendor.url.bug" value="http://bugreport.sun.com/bugreport/" />
    <property name="libs.jaxb.maven-pom" value="" />
    <property name="os.arch" value="x86" />
    <property name="libs.eclipselink.src" value="" />
    <property name="user.name" value="Administrator" />
    <property name="copylibs.rebase" value="true" />
    <property name="manifest.available+main.class" value="true" />
    <property name="libs.swing-layout.maven-pom" value="" />
    <property name="sun.java.command" value="org.apache.tools.ant.taskdefs.optional.junit.JUnitTestRunner HiddenKeywordTest filtertrace=true haltOnError=false haltOnFailure=false showoutput=true outputtoformatters=true logfailedtests=true logtestlistenerevents=true formatter=org.apache.tools.ant.taskdefs.optional.junit.BriefJUnitResultFormatter formatter=org.apache.tools.ant.taskdefs.optional.junit.XMLJUnitResultFormatter,C:\Users\Administrator.GoD-PC\Documents\GitHub\Hangman\JavaApplication1\build\test\results\TEST-HiddenKeywordTest.xml crashfile=C:\Users\Administrator.GoD-PC\Documents\GitHub\Hangman\JavaApplication1\build\junitvmwatcher6417194726861706531.properties propsfile=C:\Users\Administrator.GoD-PC\Documents\GitHub\Hangman\JavaApplication1\build\junit4581317621186797551.properties" />
    <property name="build.classes.dir" value="build/classes" />
    <property name="platforms.Default_JavaFX_Platform.home" value="E:\Program\jdk1.7.0_03" />
    <property name="netbeans.accept_license_class" value="org.netbeans.license.AcceptLicense" />
    <property name="build.sysclasspath" value="ignore" />
    <property name="ap.supported.internal" value="true" />
    <property name="libs.jaxws21.javadoc" value="E:\Program\NetBeans 7.1.1\java\docs\jaxws-api-doc.zip" />
    <property name="includes" value="**" />
    <property name="libs.JFormDesigner-JGoodiesUIFlite.src" value="C:\Users\Administrator.GoD-PC\.netbeans\7.1.1\redist\jgoodies-uif-lite-src.zip" />
    <property name="user.country" value="US" />
    <property name="manifest.file" value="manifest.mf" />
    <property name="javadoc.encoding" value="UTF-8" />
    <property name="javac.classpath" value="E:\Program\NetBeans 7.1.1\java\modules\ext\AbsoluteLayout.jar;D:\mysql-connector-java-5.1.21-bin.jar" />
    <property name="libs.JFormDesigner-FormLayout.javadoc" value="C:\Users\Administrator.GoD-PC\.netbeans\7.1.1\redist\jgoodies-forms-javadoc.zip;C:\Users\Administrator.GoD-PC\.netbeans\7.1.1\redist\jgoodies-common-javadoc.zip" />
    <property name="debug-transport" value="dt_shmem" />
    <property name="netbeans.home" value="E:\Program\NetBeans 7.1.1\platform" />
    <property name="build.compiler.emacs" value="true" />
    <property name="libs.ejb3-persistence.src" value="" />
    <property name="libs.JFormDesigner-TableLayout.maven-pom" value="" />
    <property name="java.endorsed.dirs" value="E:\Program\jdk1.7.0_03\jre\lib\endorsed" />
    <property name="user.language.format" value="th" />
    <property name="netbeans.dynamic.classpath" value="E:\Program\NetBeans 7.1.1\platform\core\core.jar;E:\Program\NetBeans 7.1.1\platform\core\org-openide-filesystems.jar;E:\Program\NetBeans 7.1.1\platform\core\locale\core_ja.jar;E:\Program\NetBeans 7.1.1\platform\core\locale\core_pt_BR.jar;E:\Program\NetBeans 7.1.1\platform\core\locale\core_ru.jar;E:\Program\NetBeans 7.1.1\platform\core\locale\core_zh_CN.jar;E:\Program\NetBeans 7.1.1\platform\core\locale\org-openide-filesystems_ja.jar;E:\Program\NetBeans 7.1.1\platform\core\locale\org-openide-filesystems_pt_BR.jar;E:\Program\NetBeans 7.1.1\platform\core\locale\org-openide-filesystems_ru.jar;E:\Program\NetBeans 7.1.1\platform\core\locale\org-openide-filesystems_zh_CN.jar;E:\Program\NetBeans 7.1.1\nb\core\org-netbeans-upgrader.jar;E:\Program\NetBeans 7.1.1\nb\core\locale\core_nb.jar;E:\Program\NetBeans 7.1.1\nb\core\locale\core_nb_ja.jar;E:\Program\NetBeans 7.1.1\nb\core\locale\core_nb_pt_BR.jar;E:\Program\NetBeans 7.1.1\nb\core\locale\core_nb_ru.jar;E:\Program\NetBeans 7.1.1\nb\core\locale\core_nb_zh_CN.jar;E:\Program\NetBeans 7.1.1\nb\core\locale\org-netbeans-upgrader_ja.jar;E:\Program\NetBeans 7.1.1\nb\core\locale\org-netbeans-upgrader_pt_BR.jar;E:\Program\NetBeans 7.1.1\nb\core\locale\org-netbeans-upgrader_ru.jar;E:\Program\NetBeans 7.1.1\nb\core\locale\org-netbeans-upgrader_zh_CN.jar" />
    <property name="java.vm.specification.version" value="1.7" />
    <property name="netbeans.productversion" value="NetBeans IDE 7.1.1 (Build 201203012225)" />
    <property name="libs.hibernate-persistence.classpath" value="E:\Program\NetBeans 7.1.1\java\modules\ext\hibernate\antlr-2.7.6.jar;E:\Program\NetBeans 7.1.1\java\modules\ext\hibernate\asm.jar;E:\Program\NetBeans 7.1.1\java\modules\ext\hibernate\asm-attrs.jar;E:\Program\NetBeans 7.1.1\java\modules\ext\hibernate\cglib-2.1.3.jar;E:\Program\NetBeans 7.1.1\java\modules\ext\hibernate\commons-collections-2.1.1.jar;E:\Program\NetBeans 7.1.1\ide\modules\org-apache-commons-logging.jar;E:\Program\NetBeans 7.1.1\java\modules\ext\hibernate\dom4j-1.6.1.jar;E:\Program\NetBeans 7.1.1\java\modules\ext\hibernate\ehcache-1.2.3.jar;E:\Program\NetBeans 7.1.1\java\modules\ext\hibernate\jdbc2_0-stdext.jar;E:\Program\NetBeans 7.1.1\java\modules\ext\hibernate\jta.jar;E:\Program\NetBeans 7.1.1\java\modules\ext\hibernate\hibernate3.jar;E:\Program\NetBeans 7.1.1\java\modules\ext\hibernate\hibernate-tools.jar;E:\Program\NetBeans 7.1.1\java\modules\ext\hibernate\hibernate-annotations.jar;E:\Program\NetBeans 7.1.1\java\modules\ext\hibernate\hibernate-commons-annotations.jar;E:\Program\NetBeans 7.1.1\java\modules\ext\hibernate\hibernate-entitymanager.jar;E:\Program\NetBeans 7.1.1\java\modules\ext\hibernate\javassist.jar;E:\Program\NetBeans 7.1.1\java\modules\ext\hibernate\ejb3-persistence.jar" />
    <property name="libs.jaxws21.src" value="" />
    <property name="do.archive" value="true" />
    <property name="libs.swing-app-framework.classpath" value="E:\Program\NetBeans 7.1.1\java\modules\ext\appframework-1.0.3.jar;E:\Program\NetBeans 7.1.1\java\modules\ext\swing-worker-1.1.jar" />
    <property name="netbeans.autoupdate.language" value="en" />
    <property name="libs.JFormDesigner-JGoodiesUIFlite.classpath" value="C:\Users\Administrator.GoD-PC\.netbeans\7.1.1\redist\jgoodies-uif-lite.jar" />
    <property name="java.vendor" value="Oracle Corporation" />
    <property name="jar.index.metainf" value="false" />
    <property name="javac.debug" value="true" />
    <property name="javadoc.splitindex" value="true" />
    <property name="file.separator" value="\" />
    <property name="libs.junit_4.maven-pom" value="" />
    <property name="mkdist.disabled" value="false" />
    <property name="javac.test.processorpath" value="E:\Program\NetBeans 7.1.1\java\modules\ext\AbsoluteLayout.jar;D:\mysql-connector-java-5.1.21-bin.jar:build/classes:E:\Program\NetBeans 7.1.1\platform\modules\ext\junit-4.10.jar" />
    <property name="netbeans.buildnumber" value="201203012225" />
    <property name="libs.JWSAntTasks.javadoc" value="" />
    <property name="build.generated.sources.dir" value="build/generated-sources" />
    <property name="user.variant" value="" />
    <property name="libs.eclipselinkmodelgen.classpath" value="E:\Program\NetBeans 7.1.1\java\modules\ext\eclipselink\eclipselink-jpa-modelgen-2.3.0.jar" />
    <property name="sun.java.launcher" value="SUN_STANDARD" />
    <property name="libs.junit.classpath" value="E:\Program\NetBeans 7.1.1\java\modules\ext\junit-3.8.2.jar" />
    <property name="libs.jaxb.javadoc" value="E:\Program\NetBeans 7.1.1\ide\docs\jaxb-api-doc.zip" />
    <property name="ant.home" value="E:\Program\NetBeans 7.1.1\java\ant" />
    <property name="libs.junit_4.src" value="E:\Program\NetBeans 7.1.1\java\docs\junit-4.10-sources.jar" />
    <property name="libs.absolutelayout.maven-pom" value="" />
    <property name="ant.java.version" value="1.7" />
    <property name="java.library.path" value="E:\Program\jdk1.7.0_03\jre\bin;C:\Windows\Sun\Java\bin;C:\Windows\system32;C:\Windows;C:\Program Files (x86)\PC Connectivity Solution\;C:\Program Files (x86)\NVIDIA Corporation\PhysX\Common;C:\Ruby193\bin;C:\Windows\system32;C:\Windows;C:\Windows\System32\Wbem;C:\Windows\System32\WindowsPowerShell\v1.0\;C:\Program Files\Intel\WiFi\bin\;C:\Program Files\Common Files\Intel\WirelessCommon\;C:\Program Files\Java\jdk1.7.0_03\bin;C:\Ruby193;C:\Python27;C:\MinGW\bin;%GTEST_HOME%;%MINGW_HOME%\bin;C:\Program Files\Intel\WiFi\bin\;C:\Program Files\Common Files\Intel\WirelessCommon\;." />
    <property name="javadoc.author" value="false" />
    <property name="manifest.available+main.class-mkdist.available" value="true" />
    <property name="java.util.logging.config.class" value="org.netbeans.core.startup.TopLogging" />
    <property name="libs.PostgreSQLDriver.src" value="" />
    <property name="libs.JFormDesigner-IntelliJIDEAGridLayout.classpath" value="C:\Users\Administrator.GoD-PC\.netbeans\7.1.1\redist\intellij_forms_rt.jar" />
    <property name="libs.JFormDesigner-TableLayout.src" value="C:\Users\Administrator.GoD-PC\.netbeans\7.1.1\redist\TableLayout-src.jar" />
    <property name="sun.arch.data.model" value="32" />
    <property name="basedir" value="C:\Users\Administrator.GoD-PC\Documents\GitHub\Hangman\JavaApplication1" />
    <property name="libs.JFormDesigner-Loader.javadoc" value="C:\Users\Administrator.GoD-PC\.netbeans\7.1.1\redist\jfd-loader-javadoc.zip" />
    <property name="jar.compress" value="false" />
    <property name="path.separator" value=";" />
    <property name="libs.JFormDesigner-Annotations.classpath" value="C:\Users\Administrator.GoD-PC\.netbeans\7.1.1\redist\jfd-annotations.jar" />
    <property name="ant.junit.enabletestlistenerevents" value="true" />
    <property name="sun.io.unicode.encoding" value="UnicodeLittle" />
    <property name="libs.jaxws21.classpath" value="E:\Program\NetBeans 7.1.1\ide\modules\ext\jaxb\jaxb-impl.jar;E:\Program\NetBeans 7.1.1\ide\modules\ext\jaxb\jaxb-xjc.jar;E:\Program\NetBeans 7.1.1\java\modules\ext\jaxws22\FastInfoset.jar;E:\Program\NetBeans 7.1.1\java\modules\ext\jaxws22\gmbal-api-only.jar;E:\Program\NetBeans 7.1.1\java\modules\ext\jaxws22\http.jar;E:\Program\NetBeans 7.1.1\java\modules\ext\jaxws22\jaxws-rt.jar;E:\Program\NetBeans 7.1.1\java\modules\ext\jaxws22\jaxws-tools.jar;E:\Program\NetBeans 7.1.1\java\modules\ext\jaxws22\management-api.jar;E:\Program\NetBeans 7.1.1\java\modules\ext\jaxws22\mimepull.jar;E:\Program\NetBeans 7.1.1\java\modules\ext\jaxws22\policy.jar;E:\Program\NetBeans 7.1.1\java\modules\ext\jaxws22\saaj-impl.jar;E:\Program\NetBeans 7.1.1\java\modules\ext\jaxws22\stax-ex.jar;E:\Program\NetBeans 7.1.1\java\modules\ext\jaxws22\streambuffer.jar;E:\Program\NetBeans 7.1.1\java\modules\ext\jaxws22\woodstox.jar;E:\Program\NetBeans 7.1.1\java\modules\ext\jaxws22\api\jaxws-api.jar;E:\Program\NetBeans 7.1.1\java\modules\ext\jaxws22\api\jsr181-api.jar;E:\Program\NetBeans 7.1.1\java\modules\ext\jaxws22\api\jsr250-api.jar;E:\Program\NetBeans 7.1.1\java\modules\ext\jaxws22\api\saaj-api.jar;E:\Program\NetBeans 7.1.1\ide\modules\ext\jaxb\activation.jar;E:\Program\NetBeans 7.1.1\ide\modules\ext\jaxb\api\jaxb-api.jar;E:\Program\NetBeans 7.1.1\ide\modules\ext\jaxb\api\jsr173_api.jar" />
    <property name="compile.on.save" value="true" />
    <property name="apple.awt.graphics.UseQuartz" value="true" />
    <property name="user.language" value="en" />
    <property name="libs.JFormDesigner-Loader.classpath" value="C:\Users\Administrator.GoD-PC\.netbeans\7.1.1\redist\jfd-loader.jar" />
    <property name="libs.JAXB-ENDORSED.maven-pom" value="" />
    <property name="libs.spring-framework.classpath" value="E:\Program\NetBeans 7.1.1\ide\modules\org-apache-commons-logging.jar;E:\Program\NetBeans 7.1.1\java\modules\ext\cglib-2.2.jar;E:\Program\NetBeans 7.1.1\java\modules\ext\spring\spring-2.5.6.SEC01.jar" />
    <property name="libs.eclipselink.maven-pom" value="" />
    <property name="manifest.available" value="true" />
    <property name="libs.spring-framework300.maven-pom" value="" />
    <property name="run.test.classpath" value="E:\Program\NetBeans 7.1.1\java\modules\ext\AbsoluteLayout.jar;D:\mysql-connector-java-5.1.21-bin.jar:build/classes:E:\Program\NetBeans 7.1.1\platform\modules\ext\junit-4.10.jar:build/test/classes" />
    <property name="libs.JFormDesigner-IntelliJIDEAGridLayout.javadoc" value="" />
    <property name="ant.project.invoked-targets" value="test" />
    <property name="libs.swing-layout.javadoc" value="E:\Program\NetBeans 7.1.1\platform\docs\swing-layout-1.0.4-doc.zip" />
    <property name="libs.swing-app-framework.javadoc" value="E:\Program\NetBeans 7.1.1\java\docs\appframework-1.0.3-doc.zip" />
    <property name="libs.ejb3-persistence.maven-pom" value="" />
    <property name="libs.PostgreSQLDriver.maven-pom" value="" />
    <property name="java.class.version" value="51.0" />
    <property name="netbeans.system_http_proxy" value="DIRECT" />
    <property name="libs.eclipselink.javadoc" value="" />
    <property name="user.properties.file" value="C:\Users\Administrator.GoD-PC\.netbeans\7.1.1\build.properties" />
    <property name="runtime.encoding" value="UTF-8" />
    <property name="libs.spring-framework.src" value="" />
    <property name="libs.javac-api.maven-pom" value="" />
    <property name="file.encoding.pkg" value="sun.io" />
    <property name="sun.cpu.endian" value="little" />
    <property name="libs.JAXB-ENDORSED.javadoc" value="" />
    <property name="libs.JWSAntTasks.classpath" value="E:\Program\NetBeans 7.1.1\java\ant\extra\org-netbeans-modules-javawebstart-anttasks.jar" />
    <property name="jformdesigner.version" value="5.1.0.1.63" />
    <property name="libs.spring-framework300.src" value="" />
    <property name="empty.dir" value="C:\Users\Administrator.GoD-PC\Documents\GitHub\Hangman\JavaApplication1\build\empty" />
    <property name="version-output" value="java version &quot;1.7" />
    <property name="javadoc.preview" value="true" />
    <property name="java.home" value="E:\Program\jdk1.7.0_03\jre" />
    <property name="debug.test.classpath" value="E:\Program\NetBeans 7.1.1\java\modules\ext\AbsoluteLayout.jar;D:\mysql-connector-java-5.1.21-bin.jar:build/classes:E:\Program\NetBeans 7.1.1\platform\modules\ext\junit-4.10.jar:build/test/classes" />
    <property name="netbeans.importclass" value="org.netbeans.upgrade.AutoUpgrade" />
    <property name="ant.project.default-target" value="default" />
    <property name="annotation.processing.run.all.processors" value="true" />
    <property name="libs.toplink.maven-pom" value="" />
    <property name="ant.file.type.JavaApplication1-impl" value="file" />
    <property name="libs.PostgreSQLDriver.javadoc" value="" />
    <property name="libs.MySQLDriver.maven-pom" value="" />
    <property name="libs.junit_4.javadoc" value="E:\Program\NetBeans 7.1.1\java\docs\junit-4.10-javadoc.jar" />
    <property name="libs.toplink.src" value="" />
    <property name="run.classpath" value="E:\Program\NetBeans 7.1.1\java\modules\ext\AbsoluteLayout.jar;D:\mysql-connector-java-5.1.21-bin.jar:build/classes" />
    <property name="libs.hibernate-support.src" value="" />
    <property name="libs.JFormDesigner-TableLayout.classpath" value="C:\Users\Administrator.GoD-PC\.netbeans\7.1.1\redist\TableLayout.jar" />
    <property name="annotation.processing.enabled.in.editor" value="false" />
    <property name="libs.JFormDesigner-Annotations.src" value="" />
    <property name="sun.management.compiler" value="HotSpot Client Compiler" />
    <property name="javac.deprecation" value="false" />
    <property name="javadoc.use" value="true" />
    <property name="sun.java2d.noddraw" value="true" />
    <property name="javac.processorpath" value="E:\Program\NetBeans 7.1.1\java\modules\ext\AbsoluteLayout.jar;D:\mysql-connector-java-5.1.21-bin.jar" />
    <property name="javac.compilerargs" value="" />
    <property name="ant.file" value="C:\Users\Administrator.GoD-PC\Documents\GitHub\Hangman\JavaApplication1\build.xml" />
    <property name="libs.beans-binding.maven-pom" value="" />
    <property name="libs.beans-binding.src" value="" />
    <property name="java.vm.specification.vendor" value="Oracle Corporation" />
    <property name="libs.swing-layout.src" value="E:\Program\NetBeans 7.1.1\platform\docs\swing-layout-1.0.4-src.zip" />
    <property name="org.openide.major.version" value="IDE/1" />
    <property name="java.vm.name" value="Java HotSpot(TM) Client VM" />
    <property name="platforms.Default_JavaFX_Platform.compiler" value="modern" />
    <property name="netbeans.user" value="C:\Users\Administrator.GoD-PC\.netbeans\7.1.1" />
    <property name="javadoc.additionalparam" value="" />
    <property name="java.io.tmpdir" value="C:\Users\ADMINI~1.GOD\AppData\Local\Temp\" />
    <property name="java.vendor.url" value="http://java.oracle.com/" />
    <property name="endorsed.classpath.cmd.line.arg" value="-Xbootclasspath/p:&apos;C:\Users\Administrator.GoD-PC\Documents\GitHub\Hangman\JavaApplication1\${endorsed.classpath}&apos;" />
    <property name="libs.JFormDesigner-Loader.src" value="C:\Users\Administrator.GoD-PC\.netbeans\7.1.1\redist\jfd-loader-src.zip" />
    <property name="org.openide.awt.ActionReference.completion" value="org.netbeans.modules.apisupport.project.layers.PathCompletions" />
    <property name="sun.boot.library.path" value="E:\Program\jdk1.7.0_03\jre\bin" />
    <property name="have.sources" value="true" />
    <property name="debug.classpath" value="E:\Program\NetBeans 7.1.1\java\modules\ext\AbsoluteLayout.jar;D:\mysql-connector-java-5.1.21-bin.jar:build/classes" />
    <property name="javadoc.private" value="false" />
    <property name="test.src.dir" value="test" />
    <property name="ap.processors.internal" value="" />
    <property name="meta.inf.dir" value="src/META-INF" />
    <property name="javadoc.encoding.used" value="UTF-8" />
    <property name="dist.jar" value="dist/JavaApplication1.jar" />
    <property name="java.runtime.name" value="Java(TM) SE Runtime Environment" />
    <property name="ant.project.name" value="JavaApplication1" />
    <property name="netbeans.hash.code" value="unique=NBJDK_JAVA_JAVAFXSDK_JDK046475616-341a-4fd7-a41d-06882d2c389a_f6ca899c-934f-441d-94db-e720894a5798" />
    <property name="manifest.available-mkdist.available" value="true" />
    <property name="sun.cpu.isalist" value="pentium_pro+mmx pentium_pro pentium+mmx pentium i486 i386 i86" />
    <property name="libs.CopyLibs.javadoc" value="" />
    <property name="org.openide.specification.version" value="6.2" />
    <property name="libs.hibernate-support.classpath" value="E:\Program\NetBeans 7.1.1\java\modules\ext\hibernate\antlr-2.7.6.jar;E:\Program\NetBeans 7.1.1\java\modules\ext\hibernate\asm.jar;E:\Program\NetBeans 7.1.1\java\modules\ext\hibernate\asm-attrs.jar;E:\Program\NetBeans 7.1.1\java\modules\ext\hibernate\cglib-2.1.3.jar;E:\Program\NetBeans 7.1.1\java\modules\ext\hibernate\commons-collections-2.1.1.jar;E:\Program\NetBeans 7.1.1\ide\modules\org-apache-commons-logging.jar;E:\Program\NetBeans 7.1.1\java\modules\ext\hibernate\dom4j-1.6.1.jar;E:\Program\NetBeans 7.1.1\java\modules\ext\hibernate\ehcache-1.2.3.jar;E:\Program\NetBeans 7.1.1\java\modules\ext\hibernate\jdbc2_0-stdext.jar;E:\Program\NetBeans 7.1.1\java\modules\ext\hibernate\jta.jar;E:\Program\NetBeans 7.1.1\java\modules\ext\hibernate\hibernate3.jar;E:\Program\NetBeans 7.1.1\java\modules\ext\hibernate\hibernate-tools.jar;E:\Program\NetBeans 7.1.1\java\modules\ext\hibernate\hibernate-annotations.jar;E:\Program\NetBeans 7.1.1\java\modules\ext\hibernate\hibernate-commons-annotations.jar;E:\Program\NetBeans 7.1.1\java\modules\ext\hibernate\hibernate-entitymanager.jar;E:\Program\NetBeans 7.1.1\java\modules\ext\hibernate\javassist.jar" />
    <property name="user.home" value="C:\Users\Administrator.GoD-PC" />
    <property name="annotation.processing.processors.list" value="" />
    <property name="debug-args-line" value="-Xdebug" />
    <property name="libs.JWSAntTasks.src" value="" />
    <property name="jar.index" value="false" />
    <property name="libs.CopyLibs.maven-pom" value="" />
    <property name="libs.spring-framework300.javadoc" value="" />
    <property name="libs.hibernate-persistence.maven-pom" value="" />
    <property name="libs.absolutelayout.javadoc" value="" />
    <property name="java.specification.name" value="Java Platform API Specification" />
    <property name="libs.swing-app-framework.maven-pom" value="" />
    <property name="libs.JFormDesigner-JGoodiesUIFlite.maven-pom" value="" />
    <property name="do.archive+main.class.available" value="true" />
    <property name="java.specification.vendor" value="Oracle Corporation" />
    <property name="libs.javac-api.classpath" value="E:\Program\NetBeans 7.1.1\java\modules\ext\javac-api-nb-7.0-b07.jar" />
    <property name="platforms.Default_JavaFX_Platform.javafx.runtime.home" value="C:\Program Files (x86)\Oracle\JavaFX 2.0 Runtime" />
    <property name="java.version" value="1.7.0_03" />
    <property name="javadoc.version" value="false" />
    <property name="libs.MySQLDriver.javadoc" value="" />
    <property name="org.openide.version" value="deprecated" />
    <property name="source.encoding" value="UTF-8" />
    <property name="ap.cmd.line.internal" value="" />
    <property name="libs.eclipselinkmodelgen.maven-pom" value="" />
    <property name="libs.junit.maven-pom" value="" />
    <property name="libs.eclipselinkmodelgen.javadoc" value="" />
    <property name="netbeans.home+have.tests" value="true" />
    <property name="annotation.processing.processor.options" value="" />
    <property name="libs.JFormDesigner-FormLayout.src" value="C:\Users\Administrator.GoD-PC\.netbeans\7.1.1\redist\jgoodies-forms-src.zip;C:\Users\Administrator.GoD-PC\.netbeans\7.1.1\redist\jgoodies-common-src.zip" />
    <property name="libs.jaxb.src" value="" />
    <property name="work.dir" value="C:\Users\Administrator.GoD-PC\Documents\GitHub\Hangman\JavaApplication1" />
    <property name="libs.jaxb.classpath" value="E:\Program\NetBeans 7.1.1\ide\modules\ext\jaxb\jaxb-impl.jar;E:\Program\NetBeans 7.1.1\ide\modules\ext\jaxb\jaxb-xjc.jar;E:\Program\NetBeans 7.1.1\ide\modules\ext\jaxb\jaxb1-impl.jar;E:\Program\NetBeans 7.1.1\ide\modules\ext\jaxb\activation.jar;E:\Program\NetBeans 7.1.1\ide\modules\ext\jaxb\api\jaxb-api.jar;E:\Program\NetBeans 7.1.1\ide\modules\ext\jaxb\api\jsr173_api.jar" />
    <property name="libs.JFormDesigner-IntelliJIDEAGridLayout.maven-pom" value="" />
    <property name="do.depend" value="false" />
    <property name="dist.javadoc.dir" value="dist/javadoc" />
    <property name="libs.swing-layout.classpath" value="E:\Program\NetBeans 7.1.1\platform\modules\ext\swing-layout-1.0.4.jar" />
    <property name="build.generated.dir" value="build/generated" />
    <property name="javac.source" value="1.6" />
    <property name="libs.JFormDesigner-Annotations.maven-pom" value="" />
    <property name="libs.hibernate-persistence.src" value="" />
    <property name="line.separator" value="&#xd;&#xa;" />
    <property name="java.specification.version" value="1.7" />
    <property name="libs.jaxws21.maven-pom" value="" />
    <property name="java.vm.info" value="mixed mode" />
    <property name="junit.forkmode" value="perTest" />
    <property name="libs.JFormDesigner-Annotations.javadoc" value="C:\Users\Administrator.GoD-PC\.netbeans\7.1.1\redist\jfd-annotations-javadoc.zip" />
    <property name="libs.JFormDesigner-Loader.maven-pom" value="" />
    <property name="user.country.format" value="TH" />
    <property name="libs.spring-framework.maven-pom" value="" />
    <property name="sun.boot.class.path" value="C:\Users\Administrator.GoD-PC\Documents\GitHub\Hangman\JavaApplication1\${endorsed.classpath};E:\Program\jdk1.7.0_03\jre\lib\resources.jar;E:\Program\jdk1.7.0_03\jre\lib\rt.jar;E:\Program\jdk1.7.0_03\jre\lib\sunrsasign.jar;E:\Program\jdk1.7.0_03\jre\lib\jsse.jar;E:\Program\jdk1.7.0_03\jre\lib\jce.jar;E:\Program\jdk1.7.0_03\jre\lib\charsets.jar;E:\Program\jdk1.7.0_03\jre\classes" />
    <property name="javac.target" value="1.6" />
    <property name="built-jar.properties" value="C:\Users\Administrator.GoD-PC\Documents\GitHub\Hangman\JavaApplication1\build\built-jar.properties" />
    <property name="build.test.classes.dir" value="build/test/classes" />
    <property name="src.dir" value="src" />
    <property name="platforms.Default_JavaFX_Platform.bootclasspath" value="E:\Program\jdk1.7.0_03\jre\lib\resources.jar;E:\Program\jdk1.7.0_03\jre\lib\rt.jar;E:\Program\jdk1.7.0_03\jre\lib\sunrsasign.jar;E:\Program\jdk1.7.0_03\jre\lib\jsse.jar;E:\Program\jdk1.7.0_03\jre\lib\jce.jar;E:\Program\jdk1.7.0_03\jre\lib\charsets.jar;E:\Program\jdk1.7.0_03\jre\classes;E:\Program\jdk1.7.0_03\jre\lib\ext\dnsns.jar;E:\Program\jdk1.7.0_03\jre\lib\ext\localedata.jar;E:\Program\jdk1.7.0_03\jre\lib\ext\sunec.jar;E:\Program\jdk1.7.0_03\jre\lib\ext\sunjce_provider.jar;E:\Program\jdk1.7.0_03\jre\lib\ext\sunmscapi.jar;E:\Program\jdk1.7.0_03\jre\lib\ext\sunpkcs11.jar;E:\Program\jdk1.7.0_03\jre\lib\ext\zipfs.jar" />
    <property name="annotation.processing.enabled" value="true" />
    <property name="sun.awt.keepWorkingSetOnMinimize" value="true" />
    <property name="ignore.failing.tests" value="true" />
    <property name="libs.JFormDesigner-JGoodiesUIFlite.javadoc" value="C:\Users\Administrator.GoD-PC\.netbeans\7.1.1\redist\jgoodies-uif-lite-javadoc.zip" />
    <property name="dist.dir" value="dist" />
    <property name="do.archive+manifest.available+main.class" value="true" />
    <property name="javac.fork" value="false" />
    <property name="java.awt.printerjob" value="sun.awt.windows.WPrinterJob" />
    <property name="default.javac.source" value="1.7" />
    <property name="libs.JFormDesigner-FormLayout.maven-pom" value="" />
    <property name="debug-transport-by-os" value="dt_shmem" />
    <property name="libs.MySQLDriver.src" value="" />
    <property name="sun.jnu.encoding" value="MS874" />
    <property name="java.runtime.version" value="1.7.0_03-b05" />
    <property name="build.test.results.dir" value="build/test/results" />
    <property name="libs.ejb3-persistence.javadoc" value="" />
    <property name="manifest.available+main.class+mkdist.available" value="true" />
    <property name="default.javac.target" value="1.7" />
    <property name="libs.junit_4.classpath" value="E:\Program\NetBeans 7.1.1\platform\modules\ext\junit-4.10.jar" />
    <property name="user.timezone" value="" />
    <property name="platforms.Default_JavaFX_Platform.javafx.sdk.home" value="C:\Program Files (x86)\Oracle\JavaFX 2.0 SDK" />
    <property name="netbeans.dirs" value="E:\Program\NetBeans 7.1.1\nb;E:\Program\NetBeans 7.1.1\ergonomics;E:\Program\NetBeans 7.1.1\ide;E:\Program\NetBeans 7.1.1\java;E:\Program\NetBeans 7.1.1\apisupport;E:\Program\NetBeans 7.1.1\webcommon;E:\Program\NetBeans 7.1.1\websvccommon;E:\Program\NetBeans 7.1.1\enterprise;E:\Program\NetBeans 7.1.1\mobility;E:\Program\NetBeans 7.1.1\profiler;E:\Program\NetBeans 7.1.1\python;E:\Program\NetBeans 7.1.1\php;E:\Program\NetBeans 7.1.1\identity;E:\Program\NetBeans 7.1.1\harness;E:\Program\NetBeans 7.1.1\cnd;E:\Program\NetBeans 7.1.1\dlight;E:\Program\NetBeans 7.1.1\groovy;E:\Program\NetBeans 7.1.1\extra;E:\Program\NetBeans 7.1.1\javacard;E:\Program\NetBeans 7.1.1\javafx" />
    <property name="ant.file.type.JavaApplication1" value="file" />
    <property name="java.ext.dirs" value="E:\Program\jdk1.7.0_03\jre\lib\ext;C:\Windows\Sun\Java\lib\ext" />
    <property name="libs.absolutelayout.classpath" value="E:\Program\NetBeans 7.1.1\java\modules\ext\AbsoluteLayout.jar;D:\mysql-connector-java-5.1.21-bin.jar" />
    <property name="excludes" value="" />
    <property name="java.class.path" value="E:\Program\NetBeans 7.1.1\java\modules\ext\AbsoluteLayout.jar;D:\mysql-connector-java-5.1.21-bin.jar;C:\Users\Administrator.GoD-PC\Documents\GitHub\Hangman\JavaApplication1\build\classes;E:\Program\NetBeans 7.1.1\platform\modules\ext\junit-4.10.jar;C:\Users\Administrator.GoD-PC\Documents\GitHub\Hangman\JavaApplication1\build\test\classes;E:\Program\NetBeans 7.1.1\java\ant\lib\ant-launcher.jar;E:\Program\NetBeans 7.1.1\java\ant\lib\ant.jar;E:\Program\NetBeans 7.1.1\java\ant\lib\ant-junit.jar;E:\Program\NetBeans 7.1.1\java\ant\lib\ant-junit4.jar" />
    <property name="apple.laf.useScreenMenuBar" value="true" />
    <property name="do.mkdist" value="true" />
    <property name="libs.absolutelayout.src" value="" />
    <property name="os.version" value="6.1" />
    <property name="application.args" value="" />
    <property name="sun.awt.enableExtraMouseButtons" value="true" />
    <property name="main.class.available" value="true" />
    <property name="libs.toplink.javadoc" value="" />
    <property name="sun.desktop" value="windows" />
    <property name="libs.JFormDesigner-IntelliJIDEAGridLayout.src" value="C:\Users\Administrator.GoD-PC\.netbeans\7.1.1\redist\intellij_forms_rt_src.zip" />
    <property name="libs.JAXB-ENDORSED.classpath" value="E:\Program\NetBeans 7.1.1\ide\modules\ext\jaxb\api\jaxb-api.jar" />
    <property name="libs.eclipselink.classpath" value="E:\Program\NetBeans 7.1.1\java\modules\ext\eclipselink\eclipselink-2.3.0.jar;E:\Program\NetBeans 7.1.1\java\modules\ext\eclipselink\javax.persistence-2.0.jar;E:\Program\NetBeans 7.1.1\java\modules\ext\eclipselink\org.eclipse.persistence.jpa.jpql_1.0.0.jar" />
    <property name="libs.JFormDesigner-TableLayout.javadoc" value="C:\Users\Administrator.GoD-PC\.netbeans\7.1.1\redist\TableLayout-javadoc.jar" />
    <property name="libs.beans-binding.javadoc" value="E:\Program\NetBeans 7.1.1\java\docs\beansbinding-1.2.1-doc.zip" />
    <property name="java.awt.graphicsenv" value="sun.awt.Win32GraphicsEnvironment" />
    <property name="java.vm.vendor" value="Oracle Corporation" />
    <property name="libs.CopyLibs.classpath" value="E:\Program\NetBeans 7.1.1\java\ant\extra\org-netbeans-modules-java-j2seproject-copylibstask.jar" />
    <property name="libs.spring-framework300.classpath" value="E:\Program\NetBeans 7.1.1\ide\modules\org-apache-commons-logging.jar;E:\Program\NetBeans 7.1.1\java\modules\ext\cglib-2.2.jar;E:\Program\NetBeans 7.1.1\java\modules\ext\spring-3.0\spring-aop-3.0.6.RELEASE.jar;E:\Program\NetBeans 7.1.1\java\modules\ext\spring-3.0\spring-asm-3.0.6.RELEASE.jar;E:\Program\NetBeans 7.1.1\java\modules\ext\spring-3.0\spring-aspects-3.0.6.RELEASE.jar;E:\Program\NetBeans 7.1.1\java\modules\ext\spring-3.0\spring-beans-3.0.6.RELEASE.jar;E:\Program\NetBeans 7.1.1\java\modules\ext\spring-3.0\spring-context-3.0.6.RELEASE.jar;E:\Program\NetBeans 7.1.1\java\modules\ext\spring-3.0\spring-context-support-3.0.6.RELEASE.jar;E:\Program\NetBeans 7.1.1\java\modules\ext\spring-3.0\spring-core-3.0.6.RELEASE.jar;E:\Program\NetBeans 7.1.1\java\modules\ext\spring-3.0\spring-expression-3.0.6.RELEASE.jar;E:\Program\NetBeans 7.1.1\java\modules\ext\spring-3.0\spring-instrument-3.0.6.RELEASE.jar;E:\Program\NetBeans 7.1.1\java\modules\ext\spring-3.0\spring-instrument-tomcat-3.0.6.RELEASE.jar;E:\Program\NetBeans 7.1.1\java\modules\ext\spring-3.0\spring-jdbc-3.0.6.RELEASE.jar;E:\Program\NetBeans 7.1.1\java\modules\ext\spring-3.0\spring-jms-3.0.6.RELEASE.jar;E:\Program\NetBeans 7.1.1\java\modules\ext\spring-3.0\spring-orm-3.0.6.RELEASE.jar;E:\Program\NetBeans 7.1.1\java\modules\ext\spring-3.0\spring-oxm-3.0.6.RELEASE.jar;E:\Program\NetBeans 7.1.1\java\modules\ext\spring-3.0\spring-test-3.0.6.RELEASE.jar;E:\Program\NetBeans 7.1.1\java\modules\ext\spring-3.0\spring-tx-3.0.6.RELEASE.jar;E:\Program\NetBeans 7.1.1\java\modules\ext\spring-3.0\spring-web-3.0.6.RELEASE.jar;E:\Program\NetBeans 7.1.1\java\modules\ext\spring-3.0\spring-webmvc-portlet-3.0.6.RELEASE.jar;E:\Program\NetBeans 7.1.1\java\modules\ext\spring-3.0\spring-webmvc-3.0.6.RELEASE.jar;E:\Program\NetBeans 7.1.1\java\modules\ext\spring-3.0\spring-struts-3.0.6.RELEASE.jar" />
    <property name="run.jvmargs" value="" />
    <property name="libs.ejb3-persistence.classpath" value="E:\Program\NetBeans 7.1.1\java\modules\ext\hibernate\ejb3-persistence.jar" />
    <property name="libs.JAXB-ENDORSED.src" value="" />
    <property name="libs.spring-framework.javadoc" value="" />
    <property name="user.script" value="" />
    <property name="libs.PostgreSQLDriver.classpath" value="E:\Program\NetBeans 7.1.1\ide\modules\ext\postgresql-8.3-603.jdbc3.jar" />
    <property name="libs.junit.src" value="" />
    <property name="annotation.processing.source.output" value="build/generated-sources/ap-source-output" />
    <property name="main.class" value="javaapplication1.main" />
    <property name="libs.CopyLibs.src" value="" />
    <property name="build.dir" value="build" />
    <property name="ant.version" value="Apache Ant(TM) version 1.8.2 compiled on December 20 2010" />
    <property name="file.encoding" value="MS874" />
    <property name="build.classes.excludes" value="**/*.java,**/*.form" />
    <property name="jdkBug6558476" value="false" />
    <property name="javadoc.nonavbar" value="false" />
    <property name="platform.active" value="default_platform" />
    <property name="awt.toolkit" value="sun.awt.windows.WToolkit" />
  </properties>
  <testcase classname="HiddenKeywordTest" name="testCorrectGuessDuplicateLetters" time="0.005" />
  <testcase classname="HiddenKeywordTest" name="testToString" time="0.0" />
  <testcase classname="HiddenKeywordTest" name="testGuess" time="0.0" />
  <testcase classname="HiddenKeywordTest" name="testFound" time="0.0" />
  <testcase classname="HiddenKeywordTest" name="testConstructor" time="0.0" />
  <testcase classname="HiddenKeywordTest" name="testWrongGuess" time="0.0" />
  <testcase classname="HiddenKeywordTest" name="testNotYetFound" time="0.0" />
  <system-out><![CDATA[Letters found:3/3
Letters found:1/3
]]></system-out>
  <system-err><![CDATA[]]></system-err>
</testsuite>
